<?xml version="1.0" encoding="UTF-8"?>
<testsuite xmlns:xsi="http://www.w3.org/2001/XMLSchema-instance" xsi:noNamespaceSchemaLocation="https://maven.apache.org/surefire/maven-surefire-plugin/xsd/surefire-test-report.xsd" name="com.kanakis.resileint.perses.RestoreTest" time="0.543" tests="2" errors="0" skipped="0" failures="0">
  <properties>
[...]
</properties>
  <testcase name="should_not_throw_exception_after_method_restored" classname="com.kanakis.resileint.perses.RestoreTest" time="0.11"/>
  <testcase name="should_not_delay_after_method_restored" classname="com.kanakis.resileint.perses.RestoreTest" time="0.038"/>
</testsuite>